Thu, 17 May 2018 10:49:06 +0200 [UpgradeWizard] - setting session variables...
Thu, 17 May 2018 10:49:06 +0200 [UpgradeWizard] - -----------------------------------------------------------------------------
Thu, 17 May 2018 10:49:06 +0200 [UpgradeWizard] - Upgrade started. At start.php
Thu, 17 May 2018 10:49:06 +0200 [UpgradeWizard] - at unlinkUWTempFiles()
Thu, 17 May 2018 10:49:06 +0200 [UpgradeWizard] - finished!
Thu, 17 May 2018 10:49:06 +0200 [UpgradeWizard] - resetting $_SESSION
Thu, 17 May 2018 10:49:12 +0200 [UpgradeWizard] - setting session variables...
Thu, 17 May 2018 10:49:12 +0200 [UpgradeWizard] - [At systemCheck.php]
Thu, 17 May 2018 10:49:12 +0200 [UpgradeWizard] - Starting file permission check...
Thu, 17 May 2018 10:51:30 +0200 [UpgradeWizard] - Finished file permission check.
Thu, 17 May 2018 10:51:30 +0200 [UpgradeWizard] - Starting database permissions check...
Thu, 17 May 2018 10:51:30 +0200 [UpgradeWizard] - Checking CREATE TABLE permissions...
Thu, 17 May 2018 10:51:30 +0200 [UpgradeWizard] - Checking INSERT INTO permissions...
Thu, 17 May 2018 10:51:30 +0200 [UpgradeWizard] - Checking UPDATE TABLE permissions...
Thu, 17 May 2018 10:51:31 +0200 [UpgradeWizard] - Checking SELECT permissions...
Thu, 17 May 2018 10:51:31 +0200 [UpgradeWizard] - Checking DELETE FROM permissions...
Thu, 17 May 2018 10:51:31 +0200 [UpgradeWizard] - Checking ALTER TABLE ADD COLUMN permissions...
Thu, 17 May 2018 10:51:31 +0200 [UpgradeWizard] - Checking ALTER TABLE CHANGE COLUMN permissions...
Thu, 17 May 2018 10:51:31 +0200 [UpgradeWizard] - Checking ALTER TABLE DROP COLUMN permissions...
Thu, 17 May 2018 10:51:32 +0200 [UpgradeWizard] - Checking DROP TABLE permissions...
Thu, 17 May 2018 10:51:32 +0200 [UpgradeWizard] - No permissions errors found!
Thu, 17 May 2018 10:51:32 +0200 [UpgradeWizard] - Finished database permissions check.
Thu, 17 May 2018 10:51:43 +0200 [UpgradeWizard] - setting session variables...
Thu, 17 May 2018 10:51:43 +0200 [UpgradeWizard] - At upload.php
Thu, 17 May 2018 10:51:43 +0200 [UpgradeWizard] - finding new files for upgrade
Thu, 17 May 2018 10:51:43 +0200 [UpgradeWizard] - *** UW using [  ] as source for patch files.
Mon, 21 May 2018 03:10:11 -0400 [UpgradeWizard] - setting session variables...
Mon, 21 May 2018 03:10:11 -0400 [UpgradeWizard] - At upload.php
Mon, 21 May 2018 03:10:12 -0400 [UpgradeWizard] - finding new files for upgrade
Mon, 21 May 2018 03:10:14 -0400 [UpgradeWizard] - *** UW using [  ] as source for patch files.
